0 info it worked if it ends with ok
1 verbose cli [ 'C:\\Program Files\\nodejs\\node.exe',
1 verbose cli   'C:\\Program Files\\nodejs\\node_modules\\npm\\bin\\npm-cli.js',
1 verbose cli   'run',
1 verbose cli   'devstart' ]
2 info using npm@3.10.10
3 info using node@v6.11.2
4 verbose run-script [ 'predevstart', 'devstart', 'postdevstart' ]
5 info lifecycle sunder@1.0.0~predevstart: sunder@1.0.0
6 silly lifecycle sunder@1.0.0~predevstart: no script for predevstart, continuing
7 info lifecycle sunder@1.0.0~devstart: sunder@1.0.0
8 verbose lifecycle sunder@1.0.0~devstart: unsafe-perm in lifecycle true
9 verbose lifecycle sunder@1.0.0~devstart: PATH: C:\Program Files\nodejs\node_modules\npm\bin\node-gyp-bin;C:\sunder\docker\node_modules\.bin;C:\ProgramData\Oracle\Java\javapath;C:\Program Files (x86)\Intel\iCLS Client\;C:\Program Files\Intel\iCLS Client\;C:\Program Files\CyberSafe\bin;C:\Program Files (x86)\CyberSafe\bin;C:\Windows\system32;C:\Windows;C:\Windows\System32\Wbem;C:\Windows\System32\WindowsPowerShell\v1.0\;C:\Program Files\Symantec\Workspace Virtualization\;C:\Program Files\Intel\WiFi\bin\;C:\Program Files\Common Files\Intel\WirelessCommon\;C:\Program Files (x86)\Intel\UCRT\;C:\Program Files\Intel\UCRT\;C:\Program Files (x86)\Intel\Intel(R) Management Engine Components\DAL;C:\Program Files\Intel\Intel(R) Management Engine Components\DAL;C:\Program Files (x86)\Intel\Intel(R) Management Engine Components\IPT;C:\Program Files\Intel\Intel(R) Management Engine Components\IPT;C:\Program Files\nodejs\;C:\Program Files (x86)\Yarn\bin;C:\Users\sxv3899\Downloads\cmder\bin;C:\Users\sxv3899\Downloads\cmder\vendor\git-for-windows\cmd;C:\Users\sxv3899\Downloads\cmder\vendor\conemu-maximus5\ConEmu\Scripts;C:\Users\sxv3899\Downloads\cmder\vendor\conemu-maximus5;C:\Users\sxv3899\Downloads\cmder\vendor\conemu-maximus5\ConEmu;C:\ProgramData\Oracle\Java\javapath;C:\Program Files (x86)\Intel\iCLS Client\;C:\Program Files\Intel\iCLS Client\;C:\Program Files\CyberSafe\bin;C:\Program Files (x86)\CyberSafe\bin;C:\Windows\system32;C:\Windows;C:\Windows\System32\Wbem;C:\Windows\System32\WindowsPowerShell\v1.0\;C:\Program Files\Symantec\Workspace Virtualization\;C:\Program Files\Intel\WiFi\bin\;C:\Program Files\Common Files\Intel\WirelessCommon\;C:\Program Files (x86)\Intel\UCRT\;C:\Program Files\Intel\UCRT\;C:\Program Files (x86)\Intel\Intel(R) Management Engine Components\DAL;C:\Program Files\Intel\Intel(R) Management Engine Components\DAL;C:\Program Files (x86)\Intel\Intel(R) Management Engine Components\IPT;C:\Program Files\Intel\Intel(R) Management Engi;C:\Users\sxv3899\AppData\Local\Android\sdk1\platform-tools;C:\Users\sxv3899\AppData\Roaming\npm;C:\Users\sxv3899\AppData\Local\Android\sdk1\tools
10 verbose lifecycle sunder@1.0.0~devstart: CWD: C:\sunder\docker
11 silly lifecycle sunder@1.0.0~devstart: Args: [ '/d /s /c', 'nodemon server.js' ]
12 silly lifecycle sunder@1.0.0~devstart: Returned: code: 3221225786  signal: null
13 info lifecycle sunder@1.0.0~devstart: Failed to exec devstart script
14 verbose stack Error: sunder@1.0.0 devstart: `nodemon server.js`
14 verbose stack Exit status 3221225786
14 verbose stack     at EventEmitter.<anonymous> (C:\Program Files\nodejs\node_modules\npm\lib\utils\lifecycle.js:255:16)
14 verbose stack     at emitTwo (events.js:106:13)
14 verbose stack     at EventEmitter.emit (events.js:191:7)
14 verbose stack     at ChildProcess.<anonymous> (C:\Program Files\nodejs\node_modules\npm\lib\utils\spawn.js:40:14)
14 verbose stack     at emitTwo (events.js:106:13)
14 verbose stack     at ChildProcess.emit (events.js:191:7)
14 verbose stack     at maybeClose (internal/child_process.js:891:16)
14 verbose stack     at Process.ChildProcess._handle.onexit (internal/child_process.js:226:5)
15 verbose pkgid sunder@1.0.0
16 verbose cwd C:\sunder\docker
17 error Windows_NT 6.3.9600
18 error argv "C:\\Program Files\\nodejs\\node.exe" "C:\\Program Files\\nodejs\\node_modules\\npm\\bin\\npm-cli.js" "run" "devstart"
19 error node v6.11.2
20 error npm  v3.10.10
21 error code ELIFECYCLE
22 error sunder@1.0.0 devstart: `nodemon server.js`
22 error Exit status 3221225786
23 error Failed at the sunder@1.0.0 devstart script 'nodemon server.js'.
23 error Make sure you have the latest version of node.js and npm installed.
23 error If you do, this is most likely a problem with the sunder package,
23 error not with npm itself.
23 error Tell the author that this fails on your system:
23 error     nodemon server.js
23 error You can get information on how to open an issue for this project with:
23 error     npm bugs sunder
23 error Or if that isn't available, you can get their info via:
23 error     npm owner ls sunder
23 error There is likely additional logging output above.
24 verbose exit [ 1, true ]
